Using pre-set license
Built from '2020.3/staging' branch; Version is '2020.3.30f1 (1fb1bf06830e) revision 2077119'; Using compiler version '192528614'; Build Type 'Release'
OS: 'Windows 10  (10.0.19044) 64bit Professional' Language: 'en' Physical Memory: 16354 MB
BatchMode: 1, IsHumanControllingUs: 0, StartBugReporterOnCrash: 0, Is64bit: 1, IsPro: 0

COMMAND LINE ARGUMENTS:
E:\Unity\2020.3.30f1\Editor\Unity.exe
-adb2
-batchMode
-noUpm
-name
AssetImportWorker0
-projectPath
E:/Unity3d_project2/Test3d_empty_start2
-logFile
Logs/AssetImportWorker0.log
-srvPort
55803
Successfully changed project path to: E:/Unity3d_project2/Test3d_empty_start2
E:/Unity3d_project2/Test3d_empty_start2
Using Asset Import Pipeline V2.
Refreshing native plugins compatible for Editor in 74.67 ms, found 2 plugins.
Preloading 0 native plugins for Editor in 0.00 ms.
Initialize engine version: 2020.3.30f1 (1fb1bf06830e)
[Subsystems] Discovering subsystems at path E:/Unity/2020.3.30f1/Editor/Data/Resources/UnitySubsystems
[Subsystems] Discovering subsystems at path E:/Unity3d_project2/Test3d_empty_start2/Assets
GfxDevice: creating device client; threaded=0
Direct3D:
    Version:  Direct3D 11.0 [level 11.1]
    Renderer: NVIDIA GeForce RTX 3060 Ti (ID=0x2486)
    Vendor:   
    VRAM:     8050 MB
    Driver:   30.0.14.9729
Initialize mono
Mono path[0] = 'E:/Unity/2020.3.30f1/Editor/Data/Managed'
Mono path[1] = 'E:/Unity/2020.3.30f1/Editor/Data/MonoBleedingEdge/lib/mono/unityjit'
Mono config path = 'E:/Unity/2020.3.30f1/Editor/Data/MonoBleedingEdge/etc'
Using monoOptions --debugger-agent=transport=dt_socket,embedding=1,server=y,suspend=n,address=127.0.0.1:56500
Begin MonoManager ReloadAssembly
Registering precompiled unity dll's ...
Register platform support module: E:/Unity/2020.3.30f1/Editor/Data/PlaybackEngines/WebGLSupport/UnityEditor.WebGL.Extensions.dll
Register platform support module: E:/Unity/2020.3.30f1/Editor/Data/PlaybackEngines/WindowsStandaloneSupport/UnityEditor.WindowsStandalone.Extensions.dll
Registered in 0.002318 seconds.
Native extension for WindowsStandalone target not found
Native extension for WebGL target not found
Refreshing native plugins compatible for Editor in 72.93 ms, found 2 plugins.
Preloading 0 native plugins for Editor in 0.00 ms.
Mono: successfully reloaded assembly
- Completed reload, in  0.804 seconds
Domain Reload Profiling:
	ReloadAssembly (804ms)
		BeginReloadAssembly (121ms)
			ExecutionOrderSort (0ms)
			DisableScriptedObjects (0ms)
			BackupInstance (0ms)
			ReleaseScriptingObjects (0ms)
			CreateAndSetChildDomain (1ms)
		EndReloadAssembly (598ms)
			LoadAssemblies (121ms)
			RebuildTransferFunctionScriptingTraits (0ms)
			SetupTypeCache (192ms)
			ReleaseScriptCaches (0ms)
			RebuildScriptCaches (39ms)
			SetupLoadedEditorAssemblies (243ms)
				LogAssemblyErrors (0ms)
				InitializePlatformSupportModulesInManaged (7ms)
				SetLoadedEditorAssemblies (0ms)
				RefreshPlugins (73ms)
				BeforeProcessingInitializeOnLoad (16ms)
				ProcessInitializeOnLoadAttributes (110ms)
				ProcessInitializeOnLoadMethodAttributes (37ms)
				AfterProcessingInitializeOnLoad (0ms)
				EditorAssembliesLoaded (0ms)
			ExecutionOrderSort2 (0ms)
			AwakeInstancesAfterBackupRestoration (0ms)
Platform modules already initialized, skipping
Registering precompiled user dll's ...
Registered in 0.006777 seconds.
Begin MonoManager ReloadAssembly
Native extension for WindowsStandalone target not found
Native extension for WebGL target not found
Refreshing native plugins compatible for Editor in 69.08 ms, found 2 plugins.
Preloading 0 native plugins for Editor in 0.00 ms.
Mono: successfully reloaded assembly
- Completed reload, in  1.830 seconds
Domain Reload Profiling:
	ReloadAssembly (1831ms)
		BeginReloadAssembly (229ms)
			ExecutionOrderSort (0ms)
			DisableScriptedObjects (6ms)
			BackupInstance (0ms)
			ReleaseScriptingObjects (0ms)
			CreateAndSetChildDomain (23ms)
		EndReloadAssembly (1534ms)
			LoadAssemblies (174ms)
			RebuildTransferFunctionScriptingTraits (0ms)
			SetupTypeCache (392ms)
			ReleaseScriptCaches (1ms)
			RebuildScriptCaches (69ms)
			SetupLoadedEditorAssemblies (810ms)
				LogAssemblyErrors (0ms)
				InitializePlatformSupportModulesInManaged (5ms)
				SetLoadedEditorAssemblies (0ms)
				RefreshPlugins (69ms)
				BeforeProcessingInitializeOnLoad (103ms)
				ProcessInitializeOnLoadAttributes (618ms)
				ProcessInitializeOnLoadMethodAttributes (11ms)
				AfterProcessingInitializeOnLoad (4ms)
				EditorAssembliesLoaded (1ms)
			ExecutionOrderSort2 (0ms)
			AwakeInstancesAfterBackupRestoration (8ms)
Platform modules already initialized, skipping
========================================================================
Worker process is ready to serve import requests
Launched and connected shader compiler UnityShaderCompiler.exe after 0.08 seconds
Refreshing native plugins compatible for Editor in 0.62 ms, found 2 plugins.
Preloading 0 native plugins for Editor in 0.00 ms.
Unloading 2795 Unused Serialized files (Serialized files now loaded: 0)
System memory in use before: 157.1 MB.
System memory in use after: 157.2 MB.

Unloading 29 unused Assets to reduce memory usage. Loaded Objects now: 3275.
Total: 3.893800 ms (FindLiveObjects: 0.314600 ms CreateObjectMapping: 0.107500 ms MarkObjects: 3.299000 ms  DeleteObjects: 0.171400 ms)

AssetImportParameters requested are different than current active one (requested -> active):
  custom:framework-win-MediaFoundation: 216162199b28c13a410421893ffa2e32 -> 
  custom:video-decoder-ogg-theora: a1e56fd34408186e4bbccfd4996cb3dc -> 
  custom:container-muxer-webm: aa71ff27fc2769a1b78a27578f13a17b -> 
  custom:container-demuxer-webm: 4f35f7cbe854078d1ac9338744f61a02 -> 
  custom:container-demuxer-ogg: 62fdf1f143b41e24485cea50d1cbac27 -> 
  custom:video-encoder-webm-vp8: eb34c28f22e8b96e1ab97ce403110664 -> 
  custom:video-decoder-webm-vp8: 9c59270c3fd7afecdb556c50c9e8de78 -> 
  custom:audio-decoder-ogg-vorbis: bf7c407c2cedff20999df2af8eb42d56 -> 
  custom:audio-encoder-webm-vorbis: bf7c407c2cedff20999df2af8eb42d56 -> 
========================================================================
Received Import Request.
  path: Assets/PortalShader.shadergraph
  artifactKey: Guid(b916323d17642814486afb93869c7985) Importer(815301076,1909f56bfc062723c751e8b465ee728b)
Start importing Assets/PortalShader.shadergraph using Guid(b916323d17642814486afb93869c7985) Importer(815301076,1909f56bfc062723c751e8b465ee728b)  -> (artifact id: 'cf08aeaa5f70ae43c1d9f8837ae7aedc') in 0.044833 seconds 
========================================================================
Received Import Request.
  Time since last request: 0.000274 seconds.
  path: Assets/Art/Models/Objects/Prefabs/PortalGlow.prefab
  artifactKey: Guid(c016e48de172e4241b68d14d233dd870) Importer(815301076,1909f56bfc062723c751e8b465ee728b)
Start importing Assets/Art/Models/Objects/Prefabs/PortalGlow.prefab using Guid(c016e48de172e4241b68d14d233dd870) Importer(815301076,1909f56bfc062723c751e8b465ee728b)  -> (artifact id: '7754faa165c1baab1bafb1fe0f750504') in 0.096498 seconds 
========================================================================
Received Import Request.
  Time since last request: 0.000337 seconds.
  path: Assets/Levels/Level 1_Profiles/Post-process Volume Profile WORLDSELECT.asset
  artifactKey: Guid(088c8d54b45a0d04b88f939cff30c366) Importer(815301076,1909f56bfc062723c751e8b465ee728b)
Start importing Assets/Levels/Level 1_Profiles/Post-process Volume Profile WORLDSELECT.asset using Guid(088c8d54b45a0d04b88f939cff30c366) Importer(815301076,1909f56bfc062723c751e8b465ee728b)  -> (artifact id: 'cf8f7a4befad144db8c9905959ff676f') in 0.043624 seconds 
========================================================================
Received Import Request.
  Time since last request: 194.671172 seconds.
  path: Assets/Levels/World Select/ReflectionProbe-0.exr
  artifactKey: Guid(4c83f834755472945bfccd5f6eae2cda) Importer(815301076,1909f56bfc062723c751e8b465ee728b)
Start importing Assets/Levels/World Select/ReflectionProbe-0.exr using Guid(4c83f834755472945bfccd5f6eae2cda) Importer(815301076,1909f56bfc062723c751e8b465ee728b)  -> (artifact id: '3fab922bcc841b4fb2b3ec5a1195e9a5') in 0.046184 seconds 
========================================================================
Received Import Request.
  Time since last request: 100.517661 seconds.
  path: Assets/PortalShader.shadergraph
  artifactKey: Guid(b916323d17642814486afb93869c7985) Importer(815301076,1909f56bfc062723c751e8b465ee728b)
Start importing Assets/PortalShader.shadergraph using Guid(b916323d17642814486afb93869c7985) Importer(815301076,1909f56bfc062723c751e8b465ee728b)  -> (artifact id: 'd193206d87a661c63a97b2a977f71356') in 0.004186 seconds 
========================================================================
Received Import Request.
  Time since last request: 475.687183 seconds.
  path: Assets/Levels/portaalboy.shadergraph
  artifactKey: Guid(f82b49cdc99b74843800ca8a09a3cab9) Importer(815301076,1909f56bfc062723c751e8b465ee728b)
Start importing Assets/Levels/portaalboy.shadergraph using Guid(f82b49cdc99b74843800ca8a09a3cab9) Importer(815301076,1909f56bfc062723c751e8b465ee728b)  -> (artifact id: 'ab6cfc1ddf65832a334442b96832fffa') in 0.008462 seconds 
========================================================================
Received Import Request.
  Time since last request: 221.222856 seconds.
  path: Assets/Levels/fds.shadergraph
  artifactKey: Guid(0e4e56b5c81667747932b3c3a42a90a4) Importer(815301076,1909f56bfc062723c751e8b465ee728b)
Start importing Assets/Levels/fds.shadergraph using Guid(0e4e56b5c81667747932b3c3a42a90a4) Importer(815301076,1909f56bfc062723c751e8b465ee728b)  -> (artifact id: 'f4fa5539a0bea59f041de9eb447a63b8') in 0.007120 seconds 
========================================================================
Received Import Request.
  Time since last request: 311.747133 seconds.
  path: Assets/Art/portal.shadergraph
  artifactKey: Guid(717bc8d9dd654fd44bd597157f8e3b03) Importer(815301076,1909f56bfc062723c751e8b465ee728b)
Start importing Assets/Art/portal.shadergraph using Guid(717bc8d9dd654fd44bd597157f8e3b03) Importer(815301076,1909f56bfc062723c751e8b465ee728b)  -> (artifact id: '2386b46434268a0e632e7505811679f7') in 0.007132 seconds 
========================================================================
Received Import Request.
  Time since last request: 142.107996 seconds.
  path: Assets/PortalShader.shadergraph
  artifactKey: Guid(b916323d17642814486afb93869c7985) Importer(815301076,1909f56bfc062723c751e8b465ee728b)
Start importing Assets/PortalShader.shadergraph using Guid(b916323d17642814486afb93869c7985) Importer(815301076,1909f56bfc062723c751e8b465ee728b)  -> (artifact id: '1adb23d952566823e5b5ce0b9eb16303') in 0.004866 seconds 
========================================================================
Received Import Request.
  Time since last request: 87.801471 seconds.
  path: Assets/PortalShader.shadergraph
  artifactKey: Guid(b916323d17642814486afb93869c7985) Importer(815301076,1909f56bfc062723c751e8b465ee728b)
Start importing Assets/PortalShader.shadergraph using Guid(b916323d17642814486afb93869c7985) Importer(815301076,1909f56bfc062723c751e8b465ee728b)  -> (artifact id: 'c4362684acdca8162acbc6bdb3ddde8e') in 0.004140 seconds 
========================================================================
Received Import Request.
  Time since last request: 52.608691 seconds.
  path: Assets/Art/dsfa.shader
  artifactKey: Guid(5d2540239e152b94f95fcf9458e14342) Importer(815301076,1909f56bfc062723c751e8b465ee728b)
Start importing Assets/Art/dsfa.shader using Guid(5d2540239e152b94f95fcf9458e14342) Importer(815301076,1909f56bfc062723c751e8b465ee728b)  -> (artifact id: '758b5add4258083a4ca26b9d10f233c9') in 0.012581 seconds 
========================================================================
Received Import Request.
  Time since last request: 22.247877 seconds.
  path: Assets/Art/dsfa.shader
  artifactKey: Guid(5d2540239e152b94f95fcf9458e14342) Importer(815301076,1909f56bfc062723c751e8b465ee728b)
Start importing Assets/Art/dsfa.shader using Guid(5d2540239e152b94f95fcf9458e14342) Importer(815301076,1909f56bfc062723c751e8b465ee728b)  -> (artifact id: '52bb505163e4ef4f712a4255bd357269') in 0.006356 seconds 
========================================================================
Received Import Request.
  Time since last request: 29.823439 seconds.
  path: Packages/com.unity.ide.visualstudio/package.json
  artifactKey: Guid(656f74f6edaa396458412b9e3903d8cd) Importer(815301076,1909f56bfc062723c751e8b465ee728b)
Start importing Packages/com.unity.ide.visualstudio/package.json using Guid(656f74f6edaa396458412b9e3903d8cd) Importer(815301076,1909f56bfc062723c751e8b465ee728b)  -> (artifact id: '6951334b1ecd919472e8e5213f85f149') in 0.022117 seconds 
========================================================================
Received Import Request.
  Time since last request: 0.595392 seconds.
  path: Packages/com.unity.ide.vscode/package.json
  artifactKey: Guid(ffc6271f08270b64ca0aae9c49235d81) Importer(815301076,1909f56bfc062723c751e8b465ee728b)
Start importing Packages/com.unity.ide.vscode/package.json using Guid(ffc6271f08270b64ca0aae9c49235d81) Importer(815301076,1909f56bfc062723c751e8b465ee728b)  -> (artifact id: '2261085b14b8b17563b9c2f8675d02a1') in 0.007591 seconds 
========================================================================
Received Import Request.
  Time since last request: 0.512588 seconds.
  path: Packages/com.unity.collab-proxy/package.json
  artifactKey: Guid(743fda8c4b219c8429fb5a77ede1c879) Importer(815301076,1909f56bfc062723c751e8b465ee728b)
Start importing Packages/com.unity.collab-proxy/package.json using Guid(743fda8c4b219c8429fb5a77ede1c879) Importer(815301076,1909f56bfc062723c751e8b465ee728b)  -> (artifact id: 'c4c4c53be7d976228c857c13cbca6546') in 0.007163 seconds 
========================================================================
Received Import Request.
  Time since last request: 0.725569 seconds.
  path: Packages/com.unity.ugui/package.json
  artifactKey: Guid(319b8889f363f5947acf209c17a94149) Importer(815301076,1909f56bfc062723c751e8b465ee728b)
Start importing Packages/com.unity.ugui/package.json using Guid(319b8889f363f5947acf209c17a94149) Importer(815301076,1909f56bfc062723c751e8b465ee728b)  -> (artifact id: '39d1f12f0f4420a8b9dea50868bbb5d0') in 0.007816 seconds 
========================================================================
Received Import Request.
  Time since last request: 0.559207 seconds.
  path: Packages/com.unity.timeline/package.json
  artifactKey: Guid(13a9c1b4df2e489e8eb9cacca7429596) Importer(815301076,1909f56bfc062723c751e8b465ee728b)
Start importing Packages/com.unity.timeline/package.json using Guid(13a9c1b4df2e489e8eb9cacca7429596) Importer(815301076,1909f56bfc062723c751e8b465ee728b)  -> (artifact id: '82c6c08db8f434b9305b26de0687e812') in 0.008825 seconds 
========================================================================
Received Import Request.
  Time since last request: 0.650019 seconds.
  path: Packages/com.unity.textmeshpro/package.json
  artifactKey: Guid(220e9325710f4235a43492dd1ee4980d) Importer(815301076,1909f56bfc062723c751e8b465ee728b)
Start importing Packages/com.unity.textmeshpro/package.json using Guid(220e9325710f4235a43492dd1ee4980d) Importer(815301076,1909f56bfc062723c751e8b465ee728b)  -> (artifact id: '2c6d4de5db3a39bcb3575c98dc9df750') in 0.008056 seconds 
========================================================================
Received Import Request.
  Time since last request: 0.600374 seconds.
  path: Packages/com.unity.test-framework/package.json
  artifactKey: Guid(d6a2e6e4803de7b43baacdc355fc144d) Importer(815301076,1909f56bfc062723c751e8b465ee728b)
Start importing Packages/com.unity.test-framework/package.json using Guid(d6a2e6e4803de7b43baacdc355fc144d) Importer(815301076,1909f56bfc062723c751e8b465ee728b)  -> (artifact id: '348d0090788821c173ed5a91192d97b9') in 0.008147 seconds 
========================================================================
Received Import Request.
  Time since last request: 0.556843 seconds.
  path: Packages/com.unity.terrain-tools/package.json
  artifactKey: Guid(f50728dbaf07be54d90705c02e335a0b) Importer(815301076,1909f56bfc062723c751e8b465ee728b)
Start importing Packages/com.unity.terrain-tools/package.json using Guid(f50728dbaf07be54d90705c02e335a0b) Importer(815301076,1909f56bfc062723c751e8b465ee728b)  -> (artifact id: '3ee451916879ae3eaa379f30573f4e8d') in 0.007550 seconds 
========================================================================
Received Import Request.
  Time since last request: 0.542479 seconds.
  path: Packages/com.unity.shadergraph/package.json
  artifactKey: Guid(d5ac453c34e359d439de9d724772ed3d) Importer(815301076,1909f56bfc062723c751e8b465ee728b)
Start importing Packages/com.unity.shadergraph/package.json using Guid(d5ac453c34e359d439de9d724772ed3d) Importer(815301076,1909f56bfc062723c751e8b465ee728b)  -> (artifact id: '77cb37fa38fd4295e0d6247139860364') in 0.005951 seconds 
========================================================================
Received Import Request.
  Time since last request: 0.645189 seconds.
  path: Packages/com.unity.services.core/package.json
  artifactKey: Guid(182c5bcc97fc21747a9ca5e01da1ed3f) Importer(815301076,1909f56bfc062723c751e8b465ee728b)
Start importing Packages/com.unity.services.core/package.json using Guid(182c5bcc97fc21747a9ca5e01da1ed3f) Importer(815301076,1909f56bfc062723c751e8b465ee728b)  -> (artifact id: '25b8084c496b82982a982aa19ee0d890') in 0.009306 seconds 
========================================================================
Received Import Request.
  Time since last request: 0.430051 seconds.
  path: Packages/com.unity.searcher/package.json
  artifactKey: Guid(86b0e09d2fd75564f90fbc601e1eec6b) Importer(815301076,1909f56bfc062723c751e8b465ee728b)
Start importing Packages/com.unity.searcher/package.json using Guid(86b0e09d2fd75564f90fbc601e1eec6b) Importer(815301076,1909f56bfc062723c751e8b465ee728b)  -> (artifact id: 'f40ca3253b0937e2d3827d7399bed3ab') in 0.002714 seconds 
========================================================================
Received Import Request.
  Time since last request: 0.502870 seconds.
  path: Packages/com.unity.postprocessing/package.json
  artifactKey: Guid(2705889b3a9580a47b334f039bfdcb00) Importer(815301076,1909f56bfc062723c751e8b465ee728b)
Start importing Packages/com.unity.postprocessing/package.json using Guid(2705889b3a9580a47b334f039bfdcb00) Importer(815301076,1909f56bfc062723c751e8b465ee728b)  -> (artifact id: 'bcb9f972ebd0e300473245f1c7c3e501') in 0.007669 seconds 
========================================================================
Received Import Request.
  Time since last request: 0.519711 seconds.
  path: Packages/com.unity.ide.rider/package.json
  artifactKey: Guid(66c95bb3c74257f41bae2622511dc02d) Importer(815301076,1909f56bfc062723c751e8b465ee728b)
Start importing Packages/com.unity.ide.rider/package.json using Guid(66c95bb3c74257f41bae2622511dc02d) Importer(815301076,1909f56bfc062723c751e8b465ee728b)  -> (artifact id: 'ff96f7b61e94a0dc9b975679be81ead9') in 0.007821 seconds 
========================================================================
Received Import Request.
  Time since last request: 1.117181 seconds.
  path: Packages/com.unity.ext.nunit/package.json
  artifactKey: Guid(8143d3a8390f2c64685e3bc272bd9e90) Importer(815301076,1909f56bfc062723c751e8b465ee728b)
Start importing Packages/com.unity.ext.nunit/package.json using Guid(8143d3a8390f2c64685e3bc272bd9e90) Importer(815301076,1909f56bfc062723c751e8b465ee728b)  -> (artifact id: '36f449bd9ed4a92e06d659da724da745') in 0.007355 seconds 
========================================================================
Received Import Request.
  Time since last request: 0.358784 seconds.
  path: Packages/com.unity.render-pipelines.core/package.json
  artifactKey: Guid(753d1ac2429a21a44ac5f937cbbb409f) Importer(815301076,1909f56bfc062723c751e8b465ee728b)
Start importing Packages/com.unity.render-pipelines.core/package.json using Guid(753d1ac2429a21a44ac5f937cbbb409f) Importer(815301076,1909f56bfc062723c751e8b465ee728b)  -> (artifact id: '47195d2cd8dd88551f863e24612696f8') in 0.002825 seconds 
========================================================================
Received Import Request.
  Time since last request: 0.407896 seconds.
  path: Packages/com.unity.cinemachine/package.json
  artifactKey: Guid(7d93e7b7399fbe64790358e67fc94b18) Importer(815301076,1909f56bfc062723c751e8b465ee728b)
Start importing Packages/com.unity.cinemachine/package.json using Guid(7d93e7b7399fbe64790358e67fc94b18) Importer(815301076,1909f56bfc062723c751e8b465ee728b)  -> (artifact id: '03b75023f3fb28c90fa02f9496b1c2e9') in 0.007814 seconds 
AssetImportWorkerClient::OnTransportError - code=2 error=End of file
